2026-02-03 17:09:51 | INFO     | main:lifespan:15 - Starting application...
2026-02-03 17:09:51 | INFO     | main:lifespan:20 - Database tables created/verified
2026-02-03 17:13:11 | INFO     | main:lifespan:24 - Shutting down application...
2026-02-03 17:13:13 | INFO     | main:lifespan:15 - Starting application...
2026-02-03 17:13:13 | INFO     | main:lifespan:20 - Database tables created/verified
2026-02-03 17:13:15 | INFO     | main:lifespan:24 - Shutting down application...
2026-02-03 17:16:07 | INFO     | main:lifespan:15 - Starting application...
2026-02-03 17:16:07 | INFO     | main:lifespan:20 - Database tables created/verified
2026-02-03 17:16:15 | ERROR    | main:global_exception_handler:47 - Unhandled exception: Could not determine join condition between parent/child tables on relationship User.project_memberships - there are multiple foreign key paths linking the tables.  Specify the 'foreign_keys' argument, providing a list of those columns which should be counted as containing a foreign key reference to the parent table.
2026-02-03 17:16:37 | INFO     | main:lifespan:24 - Shutting down application...
2026-02-03 17:16:39 | INFO     | main:lifespan:15 - Starting application...
2026-02-03 17:16:39 | INFO     | main:lifespan:20 - Database tables created/verified
2026-02-03 17:19:07 | INFO     | main:lifespan:24 - Shutting down application...
2026-02-03 17:19:08 | INFO     | main:lifespan:15 - Starting application...
2026-02-03 17:19:08 | INFO     | main:lifespan:20 - Database tables created/verified
2026-02-03 17:20:26 | INFO     | main:lifespan:24 - Shutting down application...
2026-02-03 17:20:28 | INFO     | main:lifespan:15 - Starting application...
2026-02-03 17:20:28 | INFO     | main:lifespan:20 - Database tables created/verified
2026-02-03 17:21:34 | INFO     | main:lifespan:24 - Shutting down application...
2026-02-03 17:21:35 | INFO     | main:lifespan:15 - Starting application...
2026-02-03 17:21:35 | INFO     | main:lifespan:20 - Database tables created/verified
2026-02-03 17:21:45 | INFO     | main:lifespan:24 - Shutting down application...
2026-02-03 17:21:47 | INFO     | main:lifespan:15 - Starting application...
2026-02-03 17:21:47 | INFO     | main:lifespan:20 - Database tables created/verified
2026-02-03 17:21:48 | WARNING  | app.core.security:get_current_user:30 - Failed login attempt for: admin@example.com
2026-02-03 17:23:48 | WARNING  | app.core.security:get_current_user:30 - Failed login attempt for: admin@example.com
2026-02-03 17:23:59 | WARNING  | app.core.security:get_current_user:30 - Failed login attempt for: Admin
2026-02-03 17:24:22 | WARNING  | app.core.security:get_current_user:30 - Failed login attempt for: admin@example.com
2026-02-03 17:25:22 | WARNING  | app.core.security:get_current_user:30 - Failed login attempt for: admin@example.com
2026-02-03 17:26:16 | WARNING  | app.core.security:get_current_user:30 - Failed login attempt for: admin@example.com
2026-02-03 17:27:23 | WARNING  | app.core.security:get_current_user:30 - Failed login attempt for: admin@example.com
2026-02-03 17:30:21 | WARNING  | app.core.security:get_current_user:30 - Failed login attempt for: admin@example.com
2026-02-03 17:30:49 | INFO     | main:lifespan:24 - Shutting down application...
2026-02-03 17:30:50 | INFO     | main:lifespan:15 - Starting application...
2026-02-03 17:30:50 | INFO     | main:lifespan:20 - Database tables created/verified
2026-02-03 17:30:56 | INFO     | main:lifespan:24 - Shutting down application...
2026-02-03 17:30:57 | INFO     | main:lifespan:15 - Starting application...
2026-02-03 17:30:57 | INFO     | main:lifespan:20 - Database tables created/verified
2026-02-03 17:31:30 | INFO     | main:lifespan:24 - Shutting down application...
2026-02-03 17:31:47 | INFO     | main:lifespan:15 - Starting application...
2026-02-03 17:31:47 | INFO     | main:lifespan:20 - Database tables created/verified
2026-02-03 17:32:39 | WARNING  | app.core.security:get_current_user:30 - Failed login attempt for: admin@example.com
2026-02-03 17:32:43 | WARNING  | app.core.security:get_current_user:30 - Failed login attempt for: admin@example.com
2026-02-03 17:33:09 | WARNING  | app.core.security:get_current_user:30 - Failed login attempt for: admin@example.com
2026-02-03 17:34:47 | INFO     | main:lifespan:24 - Shutting down application...
2026-02-03 17:34:48 | INFO     | main:lifespan:15 - Starting application...
2026-02-03 17:34:48 | INFO     | main:lifespan:20 - Database tables created/verified
2026-02-03 17:34:49 | INFO     | main:lifespan:24 - Shutting down application...
2026-02-03 17:36:42 | INFO     | main:lifespan:15 - Starting application...
2026-02-03 17:36:42 | INFO     | main:lifespan:20 - Database tables created/verified
2026-02-03 17:36:47 | INFO     | app.core.security:get_current_user:43 - User authenticated: admin@example.com
2026-02-03 17:37:00 | INFO     | app.core.security:get_current_user:43 - User authenticated: admin@example.com
2026-02-03 17:37:29 | INFO     | app.core.security:get_current_user:43 - User authenticated: admin@example.com
2026-02-03 17:37:44 | INFO     | app.core.security:get_current_user:43 - User authenticated: admin@example.com
2026-02-03 17:39:42 | INFO     | app.core.security:get_current_user:43 - User authenticated: admin@example.com
2026-02-03 17:39:55 | INFO     | app.core.security:get_current_user:43 - User authenticated: admin@example.com
2026-02-03 17:39:55 | INFO     | app.api.v1.users:create_user:69 - User created: first_user@gmail.com by admin@example.com
2026-02-03 17:41:32 | INFO     | app.core.security:get_current_user:43 - User authenticated: admin@example.com
2026-02-03 17:41:51 | INFO     | app.core.security:get_current_user:43 - User authenticated: admin@example.com
2026-02-03 17:41:51 | INFO     | app.api.v1.users:update_user:102 - User updated: first_user@gmail.com by admin@example.com
2026-02-03 18:23:03 | INFO     | main:lifespan:24 - Shutting down application...
